<?xml version="1.0" encoding="UTF-8"?>
<testsuite xmlns:xsi="http://www.w3.org/2001/XMLSchema-instance" xsi:noNamespaceSchemaLocation="https://maven.apache.org/surefire/maven-surefire-plugin/xsd/surefire-test-report.xsd" name="TestSuite" time="60.195" tests="10" errors="0" skipped="0" failures="0">
  <properties>
[...]
</properties>
  <testcase name="runScenario" classname="StepDefinitions.TestRunner" time="22.266"/>
  <testcase name="runScenario" classname="StepDefinitions.TestRunner" time="6.437"/>
  <testcase name="runScenario" classname="StepDefinitions.TestRunner" time="6.458"/>
  <testcase name="runScenario" classname="StepDefinitions.TestRunner" time="5.551"/>
  <testcase name="runScenario" classname="StepDefinitions.TestRunner" time="2.802"/>
  <testcase name="runScenario" classname="StepDefinitions.TestRunner" time="3.856"/>
  <testcase name="runScenario" classname="StepDefinitions.TestRunner" time="2.364"/>
  <testcase name="runScenario" classname="StepDefinitions.TestRunner" time="2.303"/>
  <testcase name="runScenario" classname="StepDefinitions.TestRunner" time="2.46"/>
  <testcase name="runScenario" classname="StepDefinitions.TestRunner" time="2.417"/>
</testsuite>