<?xml version="1.0" encoding="UTF-8"?>
<testng-results ignored="0" total="10" passed="10" failed="0" skipped="0">
  <reporter-output>
  </reporter-output>
  <suite started-at="2020-11-27T13:25:10 PST" name="Suite" finished-at="2020-11-27T13:26:09 PST" duration-ms="58933">
    <groups>
      <group name="cucumber">
        <method signature="AbstractTestNGCucumberTests.runScenario(io.cucumber.testng.PickleWrapper, io.cucumber.testng.FeatureWrapper)[pri:0, instance:StepDefinitions.TestRunner@61d47554]" name="runScenario" class="io.cucumber.testng.AbstractTestNGCucumberTests"/>
      </group> <!-- cucumber -->
    </groups>
    <test started-at="2020-11-27T13:25:10 PST" name="BDDTest" finished-at="2020-11-27T13:26:09 PST" duration-ms="58933">
      <class name="StepDefinitions.TestRunner">
        <test-method is-config="true" signature="setUpClass()[pri:0, instance:StepDefinitions.TestRunner@61d47554]" started-at="2020-11-27T13:25:10 PST" name="setUpClass" finished-at="2020-11-27T13:25:11 PST" duration-ms="1450" status="PASS">
          <reporter-output>
          </reporter-output>
        </test-method> <!-- setUpClass -->
        <test-method signature="runScenario(io.cucumber.testng.PickleWrapper, io.cucumber.testng.FeatureWrapper)[pri:0, instance:StepDefinitions.TestRunner@61d47554]" started-at="2020-11-27T13:25:11 PST" name="runScenario" description="Runs Cucumber Scenarios" data-provider="scenarios" finished-at="2020-11-27T13:25:34 PST" duration-ms="22224" status="PASS">
          <params>
            <param index="0">
              <value>
                <![CDATA["Check departure date is selected correctly"]]>
              </value>
            </param>
            <param index="1">
              <value>
                <![CDATA["Optional[feature to test date picker functionality]"]]>
              </value>
            </param>
          </params>
          <reporter-output>
          </reporter-output>
        </test-method> <!-- runScenario -->
        <test-method signature="runScenario(io.cucumber.testng.PickleWrapper, io.cucumber.testng.FeatureWrapper)[pri:0, instance:StepDefinitions.TestRunner@61d47554]" started-at="2020-11-27T13:25:34 PST" name="runScenario" description="Runs Cucumber Scenarios" data-provider="scenarios" finished-at="2020-11-27T13:25:40 PST" duration-ms="6476" status="PASS">
          <params>
            <param index="0">
              <value>
                <![CDATA["Check departure date is selected correctly"]]>
              </value>
            </param>
            <param index="1">
              <value>
                <![CDATA["Optional[feature to test date picker functionality]"]]>
              </value>
            </param>
          </params>
          <reporter-output>
          </reporter-output>
        </test-method> <!-- runScenario -->
        <test-method signature="runScenario(io.cucumber.testng.PickleWrapper, io.cucumber.testng.FeatureWrapper)[pri:0, instance:StepDefinitions.TestRunner@61d47554]" started-at="2020-11-27T13:25:40 PST" name="runScenario" description="Runs Cucumber Scenarios" data-provider="scenarios" finished-at="2020-11-27T13:25:47 PST" duration-ms="6458" status="PASS">
          <params>
            <param index="0">
              <value>
                <![CDATA["Check departure date is selected correctly"]]>
              </value>
            </param>
            <param index="1">
              <value>
                <![CDATA["Optional[feature to test date picker functionality]"]]>
              </value>
            </param>
          </params>
          <reporter-output>
          </reporter-output>
        </test-method> <!-- runScenario -->
        <test-method signature="runScenario(io.cucumber.testng.PickleWrapper, io.cucumber.testng.FeatureWrapper)[pri:0, instance:StepDefinitions.TestRunner@61d47554]" started-at="2020-11-27T13:25:47 PST" name="runScenario" description="Runs Cucumber Scenarios" data-provider="scenarios" finished-at="2020-11-27T13:25:52 PST" duration-ms="5552" status="PASS">
          <params>
            <param index="0">
              <value>
                <![CDATA["Check departure date is selected correctly"]]>
              </value>
            </param>
            <param index="1">
              <value>
                <![CDATA["Optional[feature to test date picker functionality]"]]>
              </value>
            </param>
          </params>
          <reporter-output>
          </reporter-output>
        </test-method> <!-- runScenario -->
        <test-method signature="runScenario(io.cucumber.testng.PickleWrapper, io.cucumber.testng.FeatureWrapper)[pri:0, instance:StepDefinitions.TestRunner@61d47554]" started-at="2020-11-27T13:25:52 PST" name="runScenario" description="Runs Cucumber Scenarios" data-provider="scenarios" finished-at="2020-11-27T13:25:55 PST" duration-ms="2803" status="PASS">
          <params>
            <param index="0">
              <value>
                <![CDATA["Check draggable object can be dragged to drop target"]]>
              </value>
            </param>
            <param index="1">
              <value>
                <![CDATA["Optional[feature to test drag and drop functionality]"]]>
              </value>
            </param>
          </params>
          <reporter-output>
          </reporter-output>
        </test-method> <!-- runScenario -->
        <test-method signature="runScenario(io.cucumber.testng.PickleWrapper, io.cucumber.testng.FeatureWrapper)[pri:0, instance:StepDefinitions.TestRunner@61d47554]" started-at="2020-11-27T13:25:55 PST" name="runScenario" description="Runs Cucumber Scenarios" data-provider="scenarios" finished-at="2020-11-27T13:25:59 PST" duration-ms="3856" status="PASS">
          <params>
            <param index="0">
              <value>
                <![CDATA["Check login is successful with valid credentials"]]>
              </value>
            </param>
            <param index="1">
              <value>
                <![CDATA["Optional[feature to test login functionality]"]]>
              </value>
            </param>
          </params>
          <reporter-output>
          </reporter-output>
        </test-method> <!-- runScenario -->
        <test-method signature="runScenario(io.cucumber.testng.PickleWrapper, io.cucumber.testng.FeatureWrapper)[pri:0, instance:StepDefinitions.TestRunner@61d47554]" started-at="2020-11-27T13:25:59 PST" name="runScenario" description="Runs Cucumber Scenarios" data-provider="scenarios" finished-at="2020-11-27T13:26:01 PST" duration-ms="2364" status="PASS">
          <params>
            <param index="0">
              <value>
                <![CDATA["Check menu selection is successful"]]>
              </value>
            </param>
            <param index="1">
              <value>
                <![CDATA["Optional[feature to test menu selection functionality]"]]>
              </value>
            </param>
          </params>
          <reporter-output>
          </reporter-output>
        </test-method> <!-- runScenario -->
        <test-method signature="runScenario(io.cucumber.testng.PickleWrapper, io.cucumber.testng.FeatureWrapper)[pri:0, instance:StepDefinitions.TestRunner@61d47554]" started-at="2020-11-27T13:26:01 PST" name="runScenario" description="Runs Cucumber Scenarios" data-provider="scenarios" finished-at="2020-11-27T13:26:03 PST" duration-ms="2303" status="PASS">
          <params>
            <param index="0">
              <value>
                <![CDATA["Check menu selection is successful"]]>
              </value>
            </param>
            <param index="1">
              <value>
                <![CDATA["Optional[feature to test menu selection functionality]"]]>
              </value>
            </param>
          </params>
          <reporter-output>
          </reporter-output>
        </test-method> <!-- runScenario -->
        <test-method signature="runScenario(io.cucumber.testng.PickleWrapper, io.cucumber.testng.FeatureWrapper)[pri:0, instance:StepDefinitions.TestRunner@61d47554]" started-at="2020-11-27T13:26:03 PST" name="runScenario" description="Runs Cucumber Scenarios" data-provider="scenarios" finished-at="2020-11-27T13:26:06 PST" duration-ms="2460" status="PASS">
          <params>
            <param index="0">
              <value>
                <![CDATA["Check that status of radiobuttons is correctly shown when the Check button is pressed"]]>
              </value>
            </param>
            <param index="1">
              <value>
                <![CDATA["Optional[feature to test radiobutton operations]"]]>
              </value>
            </param>
          </params>
          <reporter-output>
          </reporter-output>
        </test-method> <!-- runScenario -->
        <test-method signature="runScenario(io.cucumber.testng.PickleWrapper, io.cucumber.testng.FeatureWrapper)[pri:0, instance:StepDefinitions.TestRunner@61d47554]" started-at="2020-11-27T13:26:06 PST" name="runScenario" description="Runs Cucumber Scenarios" data-provider="scenarios" finished-at="2020-11-27T13:26:08 PST" duration-ms="2417" status="PASS">
          <params>
            <param index="0">
              <value>
                <![CDATA["Check that status of radiobuttons is correctly shown when the Reset button is pressed"]]>
              </value>
            </param>
            <param index="1">
              <value>
                <![CDATA["Optional[feature to test radiobutton operations]"]]>
              </value>
            </param>
          </params>
          <reporter-output>
          </reporter-output>
        </test-method> <!-- runScenario -->
        <test-method is-config="true" signature="tearDownClass()[pri:0, instance:StepDefinitions.TestRunner@61d47554]" started-at="2020-11-27T13:26:08 PST" name="tearDownClass" finished-at="2020-11-27T13:26:09 PST" duration-ms="514" status="PASS">
          <reporter-output>
          </reporter-output>
        </test-method> <!-- tearDownClass -->
      </class> <!-- StepDefinitions.TestRunner -->
    </test> <!-- BDDTest -->
  </suite> <!-- Suite -->
</testng-results>
